<?xml version="1.0" encoding="UTF-8"?>
<!-- Generated by org.testng.reporters.JUnitXMLReporter -->
<testsuite hostname="Admin" failures="1" tests="1" name="Validating Titlepage" time="122.452" errors="0" timestamp="2 Dec 2020 03:05:01 GMT">
  <testcase classname="Selenium.E2EProject.ValidationPage" name="InitializeHomepage" time="27.988">
    <failure type="java.lang.ClassCastException" message="class PageObjects.LoginPage cannot be cast to class org.openqa.selenium.WebElement (PageObjects.LoginPage and org.openqa.selenium.WebElement are in unnamed module of loader &amp;apos;app&amp;apos;)">
      <![CDATA[java.lang.ClassCastException: class PageObjects.LoginPage cannot be cast to class org.openqa.selenium.WebElement (PageObjects.LoginPage and org.openqa.selenium.WebElement are in unnamed module of loader 'app')
	at Selenium.E2EProject.ValidationPage.InitializeHomepage(ValidationPage.java:40)
	at java.base/java.util.concurrent.FutureTask.run(FutureTask.java:264)
	at java.base/java.util.concurrent.ThreadPoolExecutor.runWorker(ThreadPoolExecutor.java:1128)
	at java.base/java.util.concurrent.ThreadPoolExecutor$Worker.run(ThreadPoolExecutor.java:628)
	at java.base/java.lang.Thread.run(Thread.java:834)
... Removed 16 stack frames]]>
    </failure>
  </testcase> <!-- InitializeHomepage -->
</testsuite> <!-- Validating Titlepage -->
