<?xml version="1.0" encoding="UTF-8"?>
<testng-results total="4" passed="2" failed="2" skipped="0">
  <reporter-output>
  </reporter-output>
  <suite started-at="2020-12-02T03:02:58Z" name="Suite" finished-at="2020-12-02T03:05:01Z" duration-ms="122452">
    <groups>
    </groups>
    <test started-at="2020-12-02T03:02:58Z" name="Test" finished-at="2020-12-02T03:04:20Z" duration-ms="82138">
      <class name="Selenium.E2EProject.HomePage">
        <test-method is-config="true" signature="initialization()[pri:0, instance:Selenium.E2EProject.HomePage@5be82d43]" started-at="2020-12-01T19:02:58Z" name="initialization" finished-at="2020-12-01T19:03:02Z" duration-ms="3675" status="PASS">
          <reporter-output>
          </reporter-output>
        </test-method> <!-- initialization -->
        <test-method signature="InitializeHomepage(java.lang.String, java.lang.String, java.lang.String)[pri:0, instance:Selenium.E2EProject.HomePage@5be82d43]" started-at="2020-12-01T19:03:02Z" name="InitializeHomepage" data-provider="getData" finished-at="2020-12-01T19:04:14Z" duration-ms="71901" status="PASS">
          <params>
            <param index="0">
              <value>
                <![CDATA[nonrestricteduser@qw.com]]>
              </value>
            </param>
            <param index="1">
              <value>
                <![CDATA[123456]]>
              </value>
            </param>
            <param index="2">
              <value>
                <![CDATA[Restricted User]]>
              </value>
            </param>
          </params>
          <reporter-output>
          </reporter-output>
        </test-method> <!-- InitializeHomepage -->
        <test-method signature="InitializeHomepage(java.lang.String, java.lang.String, java.lang.String)[pri:0, instance:Selenium.E2EProject.HomePage@5be82d43]" started-at="2020-12-01T19:04:14Z" name="InitializeHomepage" data-provider="getData" finished-at="2020-12-01T19:04:20Z" duration-ms="6250" status="PASS">
          <params>
            <param index="0">
              <value>
                <![CDATA[restricteduser@qw.com]]>
              </value>
            </param>
            <param index="1">
              <value>
                <![CDATA[456788]]>
              </value>
            </param>
            <param index="2">
              <value>
                <![CDATA[Non-Restricted User]]>
              </value>
            </param>
          </params>
          <reporter-output>
          </reporter-output>
        </test-method> <!-- InitializeHomepage -->
        <test-method is-config="true" signature="close()[pri:0, instance:Selenium.E2EProject.HomePage@5be82d43]" started-at="2020-12-01T19:04:20Z" name="close" finished-at="2020-12-01T19:04:20Z" duration-ms="193" status="PASS">
          <reporter-output>
          </reporter-output>
        </test-method> <!-- close -->
      </class> <!-- Selenium.E2EProject.HomePage -->
    </test> <!-- Test -->
    <test started-at="2020-12-02T03:02:58Z" name="Validating Navigation" finished-at="2020-12-02T03:04:25Z" duration-ms="87262">
      <class name="Selenium.E2EProject.ValidateNavigationBar">
        <test-method is-config="true" signature="initialization()[pri:0, instance:Selenium.E2EProject.ValidateNavigationBar@4d9d1b69]" started-at="2020-12-01T19:02:58Z" name="initialization" finished-at="2020-12-01T19:04:22Z" duration-ms="83313" status="PASS">
          <reporter-output>
          </reporter-output>
        </test-method> <!-- initialization -->
        <test-method signature="InitializeHomepage()[pri:0, instance:Selenium.E2EProject.ValidateNavigationBar@4d9d1b69]" started-at="2020-12-01T19:04:22Z" name="InitializeHomepage" finished-at="2020-12-01T19:04:25Z" duration-ms="3241" status="FAIL">
          <exception class="java.lang.ClassCastException">
            <message>
              <![CDATA[class PageObjects.LoginPage cannot be cast to class org.openqa.selenium.WebElement (PageObjects.LoginPage and org.openqa.selenium.WebElement are in unnamed module of loader 'app')]]>
            </message>
            <full-stacktrace>
              <![CDATA[java.lang.ClassCastException: class PageObjects.LoginPage cannot be cast to class org.openqa.selenium.WebElement (PageObjects.LoginPage and org.openqa.selenium.WebElement are in unnamed module of loader 'app')
	at Selenium.E2EProject.ValidateNavigationBar.InitializeHomepage(ValidateNavigationBar.java:33)
	at java.base/jdk.internal.reflect.NativeMethodAccessorImpl.invoke0(Native Method)
	at java.base/jdk.internal.reflect.NativeMethodAccessorImpl.invoke(NativeMethodAccessorImpl.java:62)
	at java.base/jdk.internal.reflect.DelegatingMethodAccessorImpl.invoke(DelegatingMethodAccessorImpl.java:43)
	at java.base/java.lang.reflect.Method.invoke(Method.java:566)
	at org.testng.internal.MethodInvocationHelper.invokeMethod(MethodInvocationHelper.java:80)
	at org.testng.internal.Invoker.invokeMethod(Invoker.java:714)
	at org.testng.internal.Invoker.invokeTestMethod(Invoker.java:901)
	at org.testng.internal.Invoker.invokeTestMethods(Invoker.java:1231)
	at org.testng.internal.TestMethodWorker.invokeTestMethods(TestMethodWorker.java:127)
	at org.testng.internal.TestMethodWorker.run(TestMethodWorker.java:111)
	at org.testng.TestRunner.privateRun(TestRunner.java:767)
	at org.testng.TestRunner.run(TestRunner.java:617)
	at org.testng.SuiteRunner.runTest(SuiteRunner.java:334)
	at org.testng.SuiteRunner.access$000(SuiteRunner.java:37)
	at org.testng.SuiteRunner$SuiteWorker.run(SuiteRunner.java:368)
	at org.testng.internal.thread.ThreadUtil$2.call(ThreadUtil.java:64)
	at java.base/java.util.concurrent.FutureTask.run(FutureTask.java:264)
	at java.base/java.util.concurrent.ThreadPoolExecutor.runWorker(ThreadPoolExecutor.java:1128)
	at java.base/java.util.concurrent.ThreadPoolExecutor$Worker.run(ThreadPoolExecutor.java:628)
	at java.base/java.lang.Thread.run(Thread.java:834)
]]>
            </full-stacktrace>
          </exception> <!-- java.lang.ClassCastException -->
          <reporter-output>
          </reporter-output>
        </test-method> <!-- InitializeHomepage -->
        <test-method is-config="true" signature="close()[pri:0, instance:Selenium.E2EProject.ValidateNavigationBar@4d9d1b69]" started-at="2020-12-01T19:04:25Z" name="close" finished-at="2020-12-01T19:04:25Z" duration-ms="123" status="PASS">
          <reporter-output>
          </reporter-output>
        </test-method> <!-- close -->
      </class> <!-- Selenium.E2EProject.ValidateNavigationBar -->
    </test> <!-- Validating Navigation -->
    <test started-at="2020-12-02T03:02:58Z" name="Validating Titlepage" finished-at="2020-12-02T03:05:01Z" duration-ms="122452">
      <class name="Selenium.E2EProject.ValidationPage">
        <test-method is-config="true" signature="initialization()[pri:0, instance:Selenium.E2EProject.ValidationPage@781e7326]" started-at="2020-12-01T19:02:58Z" name="initialization" finished-at="2020-12-01T19:04:32Z" duration-ms="93959" status="PASS">
          <reporter-output>
          </reporter-output>
        </test-method> <!-- initialization -->
        <test-method signature="InitializeHomepage()[pri:0, instance:Selenium.E2EProject.ValidationPage@781e7326]" started-at="2020-12-01T19:04:32Z" name="InitializeHomepage" finished-at="2020-12-01T19:05:00Z" duration-ms="27988" status="FAIL">
          <exception class="java.lang.ClassCastException">
            <message>
              <![CDATA[class PageObjects.LoginPage cannot be cast to class org.openqa.selenium.WebElement (PageObjects.LoginPage and org.openqa.selenium.WebElement are in unnamed module of loader 'app')]]>
            </message>
            <full-stacktrace>
              <![CDATA[java.lang.ClassCastException: class PageObjects.LoginPage cannot be cast to class org.openqa.selenium.WebElement (PageObjects.LoginPage and org.openqa.selenium.WebElement are in unnamed module of loader 'app')
	at Selenium.E2EProject.ValidationPage.InitializeHomepage(ValidationPage.java:40)
	at java.base/jdk.internal.reflect.NativeMethodAccessorImpl.invoke0(Native Method)
	at java.base/jdk.internal.reflect.NativeMethodAccessorImpl.invoke(NativeMethodAccessorImpl.java:62)
	at java.base/jdk.internal.reflect.DelegatingMethodAccessorImpl.invoke(DelegatingMethodAccessorImpl.java:43)
	at java.base/java.lang.reflect.Method.invoke(Method.java:566)
	at org.testng.internal.MethodInvocationHelper.invokeMethod(MethodInvocationHelper.java:80)
	at org.testng.internal.Invoker.invokeMethod(Invoker.java:714)
	at org.testng.internal.Invoker.invokeTestMethod(Invoker.java:901)
	at org.testng.internal.Invoker.invokeTestMethods(Invoker.java:1231)
	at org.testng.internal.TestMethodWorker.invokeTestMethods(TestMethodWorker.java:127)
	at org.testng.internal.TestMethodWorker.run(TestMethodWorker.java:111)
	at org.testng.TestRunner.privateRun(TestRunner.java:767)
	at org.testng.TestRunner.run(TestRunner.java:617)
	at org.testng.SuiteRunner.runTest(SuiteRunner.java:334)
	at org.testng.SuiteRunner.access$000(SuiteRunner.java:37)
	at org.testng.SuiteRunner$SuiteWorker.run(SuiteRunner.java:368)
	at org.testng.internal.thread.ThreadUtil$2.call(ThreadUtil.java:64)
	at java.base/java.util.concurrent.FutureTask.run(FutureTask.java:264)
	at java.base/java.util.concurrent.ThreadPoolExecutor.runWorker(ThreadPoolExecutor.java:1128)
	at java.base/java.util.concurrent.ThreadPoolExecutor$Worker.run(ThreadPoolExecutor.java:628)
	at java.base/java.lang.Thread.run(Thread.java:834)
]]>
            </full-stacktrace>
          </exception> <!-- java.lang.ClassCastException -->
          <reporter-output>
          </reporter-output>
        </test-method> <!-- InitializeHomepage -->
        <test-method is-config="true" signature="close()[pri:0, instance:Selenium.E2EProject.ValidationPage@781e7326]" started-at="2020-12-01T19:05:00Z" name="close" finished-at="2020-12-01T19:05:01Z" duration-ms="178" status="PASS">
          <reporter-output>
          </reporter-output>
        </test-method> <!-- close -->
      </class> <!-- Selenium.E2EProject.ValidationPage -->
    </test> <!-- Validating Titlepage -->
  </suite> <!-- Suite -->
</testng-results>
